Build started 2012/12/15 21:05:35.
     1>Project "E:\C ++\C++Projects\console\acmICPC\acmICPC\acmICPC.vcxproj" on node 2 (build target(s)).
     1>InitializeBuildStatus:
         Creating "Debug\acmICPC.unsuccessfulbuild" because "AlwaysCreate" was specified.
       ClCompile:
         D:\Program Files\Microsoft Visual Studio 10.0\VC\bin\CL.exe /c /ZI /nologo /W3 /WX- /Od /Oy- /D WIN32 /D _DEBUG /D _CONSOLE /D _UNICODE /D UNICODE /Gm /EHsc /RTC1 /MDd /GS /fp:precise /Zc:wchar_t /Zc:forScope /Fo"Debug\\" /Fd"Debug\vc100.pdb" /Gd /TP /analyze- /errorReport:prompt main.cpp
         main.cpp
     1>e:\c ++\c++projects\console\acmicpc\acmicpc\main.cpp(20): warning C4018: '<' : signed/unsigned mismatch
       ManifestResourceCompile:
         All outputs are up-to-date.
       Link:
         D:\Program Files\Microsoft Visual Studio 10.0\VC\bin\link.exe /ERRORREPORT:PROMPT /OUT:"E:\C ++\C++Projects\console\acmICPC\Debug\acmICPC.exe" /INCREMENTAL /NOLOGO kernel32.lib user32.lib gdi32.lib winspool.lib comdlg32.lib advapi32.lib shell32.lib ole32.lib oleaut32.lib uuid.lib odbc32.lib odbccp32.lib /MANIFEST /ManifestFile:"Debug\acmICPC.exe.intermediate.manifest" /MANIFESTUAC:"level='asInvoker' uiAccess='false'" /DEBUG /PDB:"E:\C ++\C++Projects\console\acmICPC\Debug\acmICPC.pdb" /SUBSYSTEM:CONSOLE /TLBID:1 /DYNAMICBASE /NXCOMPAT /IMPLIB:"E:\C ++\C++Projects\console\acmICPC\Debug\acmICPC.lib" /MACHINE:X86 Debug\acmICPC.exe.embed.manifest.res
         Debug\main.obj
       Manifest:
         C:\Program Files\Microsoft SDKs\Windows\v7.0A\bin\mt.exe /nologo /verbose /out:"Debug\acmICPC.exe.embed.manifest" /manifest Debug\acmICPC.exe.intermediate.manifest
         All outputs are up-to-date.
       LinkEmbedManifest:
         All outputs are up-to-date.
         acmICPC.vcxproj -> E:\C ++\C++Projects\console\acmICPC\Debug\acmICPC.exe
       FinalizeBuildStatus:
         Deleting file "Debug\acmICPC.unsuccessfulbuild".
         Touching "Debug\acmICPC.lastbuildstate".
     1>Done Building Project "E:\C ++\C++Projects\console\acmICPC\acmICPC\acmICPC.vcxproj" (build target(s)).

Build succeeded.

Time Elapsed 00:00:09.29
