Build started 2013/5/10 17:46:25.
     1>Project "E:\C ++\C++Projects\console\memoryManagerFellowSystem\memoryManagerFellowSystem.vcxproj" on node 2 (build target(s)).
     1>InitializeBuildStatus:
         Touching "Debug\memoryManagerFellowSystem.unsuccessfulbuild".
       ClCompile:
         D:\Program Files\Microsoft Visual Studio 10.0\VC\bin\CL.exe /c /ZI /nologo /W3 /WX- /Od /Oy- /D WIN32 /D _DEBUG /D _CONSOLE /D _UNICODE /D UNICODE /Gm /EHsc /RTC1 /MDd /GS /fp:precise /Zc:wchar_t /Zc:forScope /Fo"Debug\\" /Fd"Debug\vc100.pdb" /Gd /TP /analyze- /errorReport:prompt main.cpp
         main.cpp
       ManifestResourceCompile:
         All outputs are up-to-date.
       Link:
         D:\Program Files\Microsoft Visual Studio 10.0\VC\bin\link.exe /ERRORREPORT:PROMPT /OUT:"E:\C ++\C++Projects\console\memoryManagerFellowSystem\Debug\memoryManagerFellowSystem.exe" /INCREMENTAL /NOLOGO kernel32.lib user32.lib gdi32.lib winspool.lib comdlg32.lib advapi32.lib shell32.lib ole32.lib oleaut32.lib uuid.lib odbc32.lib odbccp32.lib /MANIFEST /ManifestFile:"Debug\memoryManagerFellowSystem.exe.intermediate.manifest" /MANIFESTUAC:"level='asInvoker' uiAccess='false'" /DEBUG /PDB:"E:\C ++\C++Projects\console\memoryManagerFellowSystem\Debug\memoryManagerFellowSystem.pdb" /SUBSYSTEM:CONSOLE /TLBID:1 /DYNAMICBASE /NXCOMPAT /IMPLIB:"E:\C ++\C++Projects\console\memoryManagerFellowSystem\Debug\memoryManagerFellowSystem.lib" /MACHINE:X86 Debug\memoryManagerFellowSystem.exe.embed.manifest.res
         "Debug\forC(noDebug).obj"
         Debug\forCppmain.obj
         Debug\main.obj
     1>forCppmain.obj : error LNK2005: "void __cdecl initNewMemHolePool(void)" (?initNewMemHolePool@@YAXXZ) already defined in forC(noDebug).obj
     1>forCppmain.obj : error LNK2005: "struct MemHole * __cdecl newMemHole(void)" (?newMemHole@@YAPAUMemHole@@XZ) already defined in forC(noDebug).obj
     1>forCppmain.obj : error LNK2005: "void __cdecl deleteMemHole(struct MemHole *)" (?deleteMemHole@@YAXPAUMemHole@@@Z) already defined in forC(noDebug).obj
     1>forCppmain.obj : error LNK2005: "void __cdecl printMemHolePool(void)" (?printMemHolePool@@YAXXZ) already defined in forC(noDebug).obj
     1>forCppmain.obj : error LNK2005: "void __cdecl memManagerInit(void)" (?memManagerInit@@YAXXZ) already defined in forC(noDebug).obj
     1>forCppmain.obj : error LNK2005: "void __cdecl setupChildMemBlock(struct MemHole *)" (?setupChildMemBlock@@YAXPAUMemHole@@@Z) already defined in forC(noDebug).obj
     1>forCppmain.obj : error LNK2005: "struct MemHole * __cdecl getMemHoleR(struct MemHole *,int)" (?getMemHoleR@@YAPAUMemHole@@PAU1@H@Z) already defined in forC(noDebug).obj
     1>forCppmain.obj : error LNK2005: "struct MemHole * __cdecl getMemHole(int)" (?getMemHole@@YAPAUMemHole@@H@Z) already defined in forC(noDebug).obj
     1>forCppmain.obj : error LNK2005: "void __cdecl combineFellowHole(struct MemHole *)" (?combineFellowHole@@YAXPAUMemHole@@@Z) already defined in forC(noDebug).obj
     1>forCppmain.obj : error LNK2005: "void __cdecl releaseMemHole(struct MemHole *)" (?releaseMemHole@@YAXPAUMemHole@@@Z) already defined in forC(noDebug).obj
     1>forCppmain.obj : error LNK2005: "struct MemBlock * __cdecl tryGetMemBlock(unsigned int)" (?tryGetMemBlock@@YAPAUMemBlock@@I@Z) already defined in forC(noDebug).obj
     1>forCppmain.obj : error LNK2005: "void __cdecl releaseMemBlock(struct MemBlock *)" (?releaseMemBlock@@YAXPAUMemBlock@@@Z) already defined in forC(noDebug).obj
     1>forCppmain.obj : error LNK2005: "void __cdecl test(void)" (?test@@YAXXZ) already defined in forC(noDebug).obj
     1>forCppmain.obj : error LNK2005: "struct MemHole * rootHole" (?rootHole@@3PAUMemHole@@A) already defined in forC(noDebug).obj
     1>forCppmain.obj : error LNK2005: "struct MemHole * pEmptyMemHoleRoot" (?pEmptyMemHoleRoot@@3PAUMemHole@@A) already defined in forC(noDebug).obj
     1>forCppmain.obj : error LNK2005: "struct MemHole * newMemHolePool" (?newMemHolePool@@3PAUMemHole@@A) already defined in forC(noDebug).obj
     1>MSVCRTD.lib(crtexe.obj) : error LNK2019: unresolved external symbol _main referenced in function ___tmainCRTStartup
     1>E:\C ++\C++Projects\console\memoryManagerFellowSystem\Debug\memoryManagerFellowSystem.exe : fatal error LNK1120: 1 unresolved externals
     1>Done Building Project "E:\C ++\C++Projects\console\memoryManagerFellowSystem\memoryManagerFellowSystem.vcxproj" (build target(s)) -- FAILED.

Build FAILED.

Time Elapsed 00:00:01.01
